#
# A fatal error has been detected by the Java Runtime Environment:
#
#  EXCEPTION_ACCESS_VIOLATION (0xc0000005) at pc=0x0000000051173513, pid=3320, tid=0x0000000000002970
#
# JRE version: OpenJDK Runtime Environment (8.0_112-b06) (build 1.8.0_112-release-b06)
# Java VM: OpenJDK 64-Bit Server VM (25.112-b06 mixed mode windows-amd64 compressed oops)
# Problematic frame:
# V  [jvm.dll+0x453513]
#
# Failed to write core dump. Minidumps are not enabled by default on client versions of Windows
#
# If you would like to submit a bug report, please visit:
#   http://bugreport.java.com/bugreport/crash.jsp
#

---------------  T H R E A D  ---------------

Current thread (0x0000000016e11800):  JavaThread "C2 CompilerThread0" daemon [_thread_in_native, id=10608, stack(0x0000000018770000,0x0000000018870000)]

siginfo: ExceptionCode=0xc0000005, reading address 0xffffffffffffffff

Registers:
RAX=0x0000000021e614c0, RBX=0x000000000000083f, RCX=0x0000000000000840, RDX=0x000000001d12a338
RSP=0x000000001886c490, RBP=0x0000000000000200, RSI=0x00000000194e09c0, RDI=0x000000001d129f38
R8 =0x2000000000000000, R9 =0x0000000000000011, R10=0x0000000000000048, R11=0x0000000000080000
R12=0x0000000000000040, R13=0x000000001886c568, R14=0x000000001886c6a0, R15=0x000000001886c588
RIP=0x0000000051173513, EFLAGS=0x0000000000010206

Top of Stack: (sp=0x000000001886c490)
0x000000001886c490:   0000000021e339e0 00000000000000b8
0x000000001886c4a0:   000000001cb62040 000000001886c4e8
0x000000001886c4b0:   000000001c90e180 000000001c92e1f0
0x000000001886c4c0:   000000001c90e170 0000000016dc5180
0x000000001886c4d0:   00000000218288d0 0000000016dc5180
0x000000001886c4e0:   000000002182c9e0 0000000000001729
0x000000001886c4f0:   000000001886c6a0 000000005117513f
0x000000001886c500:   000000001886c589 0000000000000000
0x000000001886c510:   00000000218308b8 000000001dcd9200
0x000000001886c520:   0000000000000026 0000000021b0a148
0x000000001886c530:   0000000000000000 0000000000000000
0x000000001886c540:   0000000000000000 0000000000000000
0x000000001886c550:   0000000000000000 0000000000000000
0x000000001886c560:   0000000000000000 0000000016dc5180
0x000000001886c570:   0000000000002000 0000000025d68fb0
0x000000001886c580:   00000000000001a1 0000000051354a28 

Instructions: (pc=0x0000000051173513)
0x00000000511734f3:   37 48 8b 57 08 44 8b c8 0f 1f 44 00 00 48 8b 02
0x0000000051173503:   48 85 c0 74 1a 8b 48 28 49 8b 46 68 4c 8b 04 c8
0x0000000051173513:   41 8b 40 50 44 3b d0 7d 06 49 8b f0 44 8b d0 48
0x0000000051173523:   83 c2 08 49 ff c9 75 d5 8b 5f 28 41 3b 5e 58 72 


Register to memory mapping:

RAX=0x0000000021e614c0 is an unknown value
RBX=0x000000000000083f is an unknown value
RCX=0x0000000000000840 is an unknown value
RDX=0x000000001d12a338 is an unknown value
RSP=0x000000001886c490 is pointing into the stack for thread: 0x0000000016e11800
RBP=0x0000000000000200 is an unknown value
RSI=0x00000000194e09c0 is an unknown value
RDI=0x000000001d129f38 is an unknown value
R8 =0x2000000000000000 is an unknown value
R9 =0x0000000000000011 is an unknown value
R10=0x0000000000000048 is an unknown value
R11=0x0000000000080000 is an unknown value
R12=0x0000000000000040 is an unknown value
R13=0x000000001886c568 is pointing into the stack for thread: 0x0000000016e11800
R14=0x000000001886c6a0 is pointing into the stack for thread: 0x0000000016e11800
R15=0x000000001886c588 is pointing into the stack for thread: 0x0000000016e11800


Stack: [0x0000000018770000,0x0000000018870000],  sp=0x000000001886c490,  free space=1009k
Native frames: (J=compiled Java code, j=interpreted, Vv=VM code, C=native code)
V  [jvm.dll+0x453513]
V  [jvm.dll+0x45513f]
V  [jvm.dll+0x45600a]
V  [jvm.dll+0x43d5dc]
V  [jvm.dll+0x43ff8e]
V  [jvm.dll+0x423242]
V  [jvm.dll+0x80b29]
V  [jvm.dll+0x8145f]
V  [jvm.dll+0x21be7f]
V  [jvm.dll+0x26c13a]
C  [msvcr100.dll+0x21d9f]
C  [msvcr100.dll+0x21e3b]
C  [KERNEL32.DLL+0x12774]
C  [ntdll.dll+0x70d51]


Current CompileTask:
C2:12963782 40710   !   4       com.android.ide.common.res2.DataMerger::mergeData (603 bytes)


---------------  P R O C E S S  ---------------

Java Threads: ( => current thread )
  0x000000001e5fd000 JavaThread "pool-251-thread-4" [_thread_blocked, id=8804, stack(0x0000000058860000,0x0000000058960000)]
  0x000000001e603000 JavaThread "pool-251-thread-3" [_thread_blocked, id=12016, stack(0x0000000058760000,0x0000000058860000)]
  0x000000001e602800 JavaThread "pool-251-thread-2" [_thread_blocked, id=4244, stack(0x0000000058660000,0x0000000058760000)]
  0x000000001e601000 JavaThread "pool-251-thread-1" [_thread_blocked, id=10744, stack(0x0000000058560000,0x0000000058660000)]
  0x000000001e601800 JavaThread "Cache update executor" [_thread_blocked, id=11240, stack(0x0000000058460000,0x0000000058560000)]
  0x000000001cc46800 JavaThread "Stdin handler" [_thread_blocked, id=7560, stack(0x0000000058360000,0x0000000058460000)]
  0x000000001cc4c000 JavaThread "Asynchronous log dispatcher for DefaultDaemonConnection: socket connection from /127.0.0.1:54418 to /127.0.0.1:63479" [_thread_blocked, id=8476, stack(0x0000000058260000,0x0000000058360000)]
  0x000000001cc44800 JavaThread "Cancel handler" [_thread_blocked, id=11764, stack(0x0000000058160000,0x0000000058260000)]
  0x000000001cc49000 JavaThread "Handler for socket connection from /127.0.0.1:54418 to /127.0.0.1:63479" [_thread_in_native, id=5856, stack(0x0000000058060000,0x0000000058160000)]
  0x000000001cc40800 JavaThread "Daemon worker Thread 13" [_thread_in_native, id=3388, stack(0x0000000057d60000,0x0000000057e60000)]
  0x000000001cc41800 JavaThread "Daemon Thread 13" [_thread_blocked, id=1700, stack(0x0000000057a60000,0x0000000057b60000)]
  0x000000001e604000 JavaThread "pool-227-thread-2" [_thread_blocked, id=11712, stack(0x0000000052160000,0x0000000052260000)]
  0x000000001fa4e000 JavaThread "pool-227-thread-1" [_thread_blocked, id=12176, stack(0x000000004ed20000,0x000000004ee20000)]
  0x000000001d367000 JavaThread "stdout" daemon [_thread_in_native, id=11248, stack(0x000000004e120000,0x000000004e220000)]
  0x000000001d369800 JavaThread "stderr" daemon [_thread_in_native, id=12168, stack(0x000000004e020000,0x000000004e120000)]
  0x000000001d36c800 JavaThread "stdout" daemon [_thread_in_native, id=5980, stack(0x000000004df20000,0x000000004e020000)]
  0x000000001d368800 JavaThread "stderr" daemon [_thread_in_native, id=11332, stack(0x000000004de20000,0x000000004df20000)]
  0x000000001d36b800 JavaThread "stdout" daemon [_thread_in_native, id=804, stack(0x000000004dd20000,0x000000004de20000)]
  0x000000001d368000 JavaThread "stderr" daemon [_thread_in_native, id=6604, stack(0x000000004dc20000,0x000000004dd20000)]
  0x000000001d366800 JavaThread "stdout" daemon [_thread_in_native, id=8748, stack(0x000000004db20000,0x000000004dc20000)]
  0x000000001d36b000 JavaThread "stderr" daemon [_thread_in_native, id=11344, stack(0x000000004da20000,0x000000004db20000)]
  0x000000001d365800 JavaThread "stdout" daemon [_thread_in_native, id=11636, stack(0x000000004d920000,0x000000004da20000)]
  0x000000001d36a000 JavaThread "stderr" daemon [_thread_in_native, id=5192, stack(0x000000004d820000,0x000000004d920000)]
  0x000000001d365000 JavaThread "stdout" daemon [_thread_in_native, id=3516, stack(0x000000004d620000,0x000000004d720000)]
  0x000000001d360800 JavaThread "stderr" daemon [_thread_in_native, id=8480, stack(0x000000004d520000,0x000000004d620000)]
  0x000000001d364000 JavaThread "stdout" daemon [_thread_in_native, id=8560, stack(0x000000004d420000,0x000000004d520000)]
  0x000000001d35f800 JavaThread "stderr" daemon [_thread_in_native, id=6104, stack(0x000000004d320000,0x000000004d420000)]
  0x000000001d35d800 JavaThread "stdout" daemon [_thread_in_native, id=12280, stack(0x000000004d220000,0x000000004d320000)]
  0x000000001d35f000 JavaThread "stderr" daemon [_thread_in_native, id=11716, stack(0x000000004d120000,0x000000004d220000)]
  0x000000001d363800 JavaThread "stdout" daemon [_thread_in_native, id=9924, stack(0x000000004d020000,0x000000004d120000)]
  0x000000001d361000 JavaThread "stderr" daemon [_thread_in_native, id=11092, stack(0x000000004cf20000,0x000000004d020000)]
  0x000000001d362800 JavaThread "stdout" daemon [_thread_in_native, id=2032, stack(0x000000004ce20000,0x000000004cf20000)]
  0x000000001d362000 JavaThread "stderr" daemon [_thread_in_native, id=5088, stack(0x000000004cd20000,0x000000004ce20000)]
  0x000000001f76d800 JavaThread "stdout" daemon [_thread_in_native, id=11164, stack(0x000000004cc20000,0x000000004cd20000)]
  0x000000001f76c800 JavaThread "stderr" daemon [_thread_in_native, id=11160, stack(0x000000004cb20000,0x000000004cc20000)]
  0x000000001f76c000 JavaThread "stdout" daemon [_thread_in_native, id=9720, stack(0x000000004ca20000,0x000000004cb20000)]
  0x000000001f76b000 JavaThread "stderr" daemon [_thread_in_native, id=12264, stack(0x000000004c920000,0x000000004ca20000)]
  0x000000001f76a800 JavaThread "stdout" daemon [_thread_in_native, id=12172, stack(0x000000004c820000,0x000000004c920000)]
  0x000000001f763000 JavaThread "stderr" daemon [_thread_in_native, id=6484, stack(0x000000004c720000,0x000000004c820000)]
  0x000000001f769800 JavaThread "stdout" daemon [_thread_in_native, id=3488, stack(0x000000004c620000,0x000000004c720000)]
  0x000000001f769000 JavaThread "stderr" daemon [_thread_in_native, id=6588, stack(0x000000004c520000,0x000000004c620000)]
  0x000000001f766800 JavaThread "stdout" daemon [_thread_in_native, id=1644, stack(0x000000004c420000,0x000000004c520000)]
  0x000000001f761800 JavaThread "stderr" daemon [_thread_in_native, id=8636, stack(0x000000004c320000,0x000000004c420000)]
  0x000000001f768000 JavaThread "stdout" daemon [_thread_in_native, id=7132, stack(0x000000004c220000,0x000000004c320000)]
  0x000000001f760800 JavaThread "stderr" daemon [_thread_in_native, id=9700, stack(0x000000004c120000,0x000000004c220000)]
  0x000000001f767800 JavaThread "stdout" daemon [_thread_in_native, id=7360, stack(0x000000004c020000,0x000000004c120000)]
  0x000000001f75f000 JavaThread "stderr" daemon [_thread_in_native, id=1360, stack(0x000000004bf20000,0x000000004c020000)]
  0x000000001f766000 JavaThread "png-cruncher_20" daemon [_thread_blocked, id=10976, stack(0x000000004be20000,0x000000004bf20000)]
  0x000000001f75e800 JavaThread "png-cruncher_19" daemon [_thread_blocked, id=4292, stack(0x000000004bd20000,0x000000004be20000)]
  0x000000001f762000 JavaThread "png-cruncher_18" daemon [_thread_blocked, id=7884, stack(0x000000004bc20000,0x000000004bd20000)]
  0x000000001f765000 JavaThread "png-cruncher_17" daemon [_thread_blocked, id=1164, stack(0x000000004bb20000,0x000000004bc20000)]
  0x000000001f764800 JavaThread "png-cruncher_16" daemon [_thread_blocked, id=3924, stack(0x000000004ba20000,0x000000004bb20000)]
  0x000000001f760000 JavaThread "stdout" daemon [_thread_in_native, id=10860, stack(0x000000004b920000,0x000000004ba20000)]
  0x000000001f763800 JavaThread "stderr" daemon [_thread_in_native, id=736, stack(0x000000004b820000,0x000000004b920000)]
  0x000000001e96f800 JavaThread "stdout" daemon [_thread_in_native, id=8548, stack(0x000000004b720000,0x000000004b820000)]
  0x000000001e96f000 JavaThread "stderr" daemon [_thread_in_native, id=5400, stack(0x000000004b620000,0x000000004b720000)]
  0x000000001e970800 JavaThread "png-cruncher_15" daemon [_thread_blocked, id=8460, stack(0x000000004b520000,0x000000004b620000)]
  0x000000001e96e000 JavaThread "png-cruncher_14" daemon [_thread_blocked, id=10136, stack(0x000000004b420000,0x000000004b520000)]
  0x000000001b5a1000 JavaThread "png-cruncher_13" daemon [_thread_blocked, id=8892, stack(0x000000004b320000,0x000000004b420000)]
  0x000000001b5a0000 JavaThread "png-cruncher_12" daemon [_thread_blocked, id=5852, stack(0x000000004b220000,0x000000004b320000)]
  0x000000001b59d000 JavaThread "png-cruncher_11" daemon [_thread_blocked, id=11020, stack(0x000000004b120000,0x000000004b220000)]
  0x000000001b59b800 JavaThread "stdout" daemon [_thread_in_native, id=10684, stack(0x000000004b020000,0x000000004b120000)]
  0x000000001b59b000 JavaThread "stderr" daemon [_thread_in_native, id=1720, stack(0x000000004af20000,0x000000004b020000)]
  0x000000001b59f800 JavaThread "png-cruncher_10" daemon [_thread_blocked, id=2016, stack(0x000000004ae20000,0x000000004af20000)]
  0x000000001b59e800 JavaThread "png-cruncher_9" daemon [_thread_blocked, id=6532, stack(0x000000004ad20000,0x000000004ae20000)]
  0x000000001b596800 JavaThread "png-cruncher_8" daemon [_thread_blocked, id=1920, stack(0x000000004ac20000,0x000000004ad20000)]
  0x000000001b593800 JavaThread "png-cruncher_7" daemon [_thread_blocked, id=5632, stack(0x000000004ab20000,0x000000004ac20000)]
  0x000000001b598000 JavaThread "png-cruncher_6" daemon [_thread_blocked, id=7196, stack(0x000000004aa20000,0x000000004ab20000)]
  0x000000001b595800 JavaThread "png-cruncher_5" daemon [_thread_blocked, id=3144, stack(0x000000004a920000,0x000000004aa20000)]
  0x000000001b595000 JavaThread "png-cruncher_4" daemon [_thread_blocked, id=5056, stack(0x000000004a820000,0x000000004a920000)]
  0x000000001b59a000 JavaThread "png-cruncher_3" daemon [_thread_blocked, id=4532, stack(0x000000004a720000,0x000000004a820000)]
  0x000000001b599800 JavaThread "png-cruncher_2" daemon [_thread_blocked, id=10664, stack(0x000000004a620000,0x000000004a720000)]
  0x000000001b598800 JavaThread "png-cruncher_1" daemon [_thread_blocked, id=7692, stack(0x000000004a520000,0x000000004a620000)]
  0x000000001e96d800 JavaThread "pool-20-thread-4" [_thread_blocked, id=12196, stack(0x000000002e420000,0x000000002e520000)]
  0x000000001e974000 JavaThread "pool-20-thread-3" [_thread_blocked, id=11560, stack(0x000000002e320000,0x000000002e420000)]
  0x000000001e973800 JavaThread "pool-20-thread-2" [_thread_blocked, id=7700, stack(0x000000002e220000,0x000000002e320000)]
  0x000000001b5a1800 JavaThread "pool-20-thread-1" [_thread_blocked, id=1308, stack(0x000000002e120000,0x000000002e220000)]
  0x000000001a40a800 JavaThread "File lock request listener" [_thread_in_native, id=11604, stack(0x000000001c540000,0x000000001c640000)]
  0x0000000019ba7800 JavaThread "pool-1-thread-1" [_thread_blocked, id=11896, stack(0x000000001b270000,0x000000001b370000)]
  0x00000000198dd000 JavaThread "Incoming local TCP Connector on port 54418" [_thread_in_native, id=11904, stack(0x000000001a660000,0x000000001a760000)]
  0x00000000181d0000 JavaThread "Service Thread" daemon [_thread_blocked, id=12000, stack(0x0000000018a70000,0x0000000018b70000)]
  0x00000000181ca800 JavaThread "C1 CompilerThread2" daemon [_thread_blocked, id=2860, stack(0x0000000018970000,0x0000000018a70000)]
  0x00000000181c7000 JavaThread "C2 CompilerThread1" daemon [_thread_in_native, id=8128, stack(0x0000000018870000,0x0000000018970000)]
=>0x0000000016e11800 JavaThread "C2 CompilerThread0" daemon [_thread_in_native, id=10608, stack(0x0000000018770000,0x0000000018870000)]
  0x0000000016e10800 JavaThread "Attach Listener" daemon [_thread_blocked, id=5840, stack(0x0000000018670000,0x0000000018770000)]
  0x0000000018178800 JavaThread "Signal Dispatcher" daemon [_thread_blocked, id=284, stack(0x0000000018570000,0x0000000018670000)]
  0x0000000016de8800 JavaThread "Finalizer" daemon [_thread_blocked, id=6712, stack(0x0000000018070000,0x0000000018170000)]
  0x0000000003481000 JavaThread "Reference Handler" daemon [_thread_blocked, id=1524, stack(0x0000000017f70000,0x0000000018070000)]
  0x0000000003390800 JavaThread "main" [_thread_blocked, id=10032, stack(0x0000000003290000,0x0000000003390000)]

Other Threads:
  0x0000000016dc5800 VMThread [stack: 0x0000000017e70000,0x0000000017f70000] [id=10932]
  0x00000000181d1000 WatcherThread [stack: 0x0000000018b70000,0x0000000018c70000] [id=1712]

VM state:not at safepoint (normal execution)

VM Mutex/Monitor currently owned by a thread: None

Heap:
 PSYoungGen      total 430080K, used 303966K [0x00000000e0000000, 0x00000000ff980000, 0x0000000100000000)
  eden space 343040K, 80% used [0x00000000e0000000,0x00000000f0dc5ae8,0x00000000f4f00000)
  from space 87040K, 31% used [0x00000000f4f00000,0x00000000f6a11f20,0x00000000fa400000)
  to   space 83968K, 0% used [0x00000000fa780000,0x00000000fa780000,0x00000000ff980000)
 ParOldGen       total 971776K, used 735187K [0x00000000a0000000, 0x00000000db500000, 0x00000000e0000000)
  object space 971776K, 75% used [0x00000000a0000000,0x00000000ccdf4dc0,0x00000000db500000)
 Metaspace       used 131770K, capacity 141184K, committed 141440K, reserved 1173504K
  class space    used 15877K, capacity 17210K, committed 17280K, reserved 1048576K

Card table byte_map: [0x0000000012850000,0x0000000012b60000] byte_map_base: 0x0000000012350000

Marking Bits: (ParMarkBitMap*) 0x00000000514e18f0
 Begin Bits: [0x0000000013160000, 0x0000000014960000)
 End Bits:   [0x0000000014960000, 0x0000000016160000)

Polling page: 0x00000000016c0000

CodeCache: size=245760Kb used=108568Kb max_used=109778Kb free=137191Kb
 bounds [0x0000000003490000, 0x000000000a090000, 0x0000000012490000]
 total_blobs=29013 nmethods=28129 adapters=793
 compilation: enabled

Compilation events (10 events):
Event: 12960.278 Thread 0x0000000016e11800 nmethod 40706 0x00000000035c0d10 code [0x00000000035c0e60, 0x00000000035c11b8]
Event: 12960.278 Thread 0x0000000016e11800 40710   !   4       com.android.ide.common.res2.DataMerger::mergeData (603 bytes)
Event: 12960.278 Thread 0x00000000181ca800 nmethod 40711 0x00000000091fb350 code [0x00000000091fb560, 0x00000000091fc2f8]
Event: 12960.312 Thread 0x00000000181c7000 nmethod 40703% 0x000000000a036b10 code [0x000000000a036e80, 0x000000000a038fc0]
Event: 12960.312 Thread 0x00000000181c7000 40709       4       com.android.ide.common.resources.configuration.FolderConfiguration::getVersionQualifier (11 bytes)
Event: 12960.313 Thread 0x00000000181c7000 nmethod 40709 0x0000000006cc0390 code [0x0000000006cc04e0, 0x0000000006cc0598]
Event: 12960.701 Thread 0x00000000181c7000 40712       4       com.android.ide.common.res2.ResourceItem::compareTo (9 bytes)
Event: 12960.703 Thread 0x00000000181c7000 nmethod 40712 0x0000000009ae2510 code [0x0000000009ae2660, 0x0000000009ae2878]
Event: 12960.703 Thread 0x00000000181c7000 40714       4       com.android.utils.PositionXmlParser::getPositionHelper (757 bytes)
Event: 12960.703 Thread 0x00000000181ca800 40715       3       com.android.utils.XmlUtils$PositionAwareStringBuilder::append (69 bytes)

GC Heap History (10 events):
Event: 11485.873 GC heap before
{Heap before GC invocations=120 (full 12):
 PSYoungGen      total 428544K, used 345850K [0x00000000e0000000, 0x0000000100000000, 0x0000000100000000)
  eden space 334848K, 100% used [0x00000000e0000000,0x00000000f4700000,0x00000000f4700000)
  from space 93696K, 11% used [0x00000000fa480000,0x00000000faf3eba0,0x0000000100000000)
  to   space 94720K, 0% used [0x00000000f4700000,0x00000000f4700000,0x00000000fa380000)
 ParOldGen       total 971776K, used 735155K [0x00000000a0000000, 0x00000000db500000, 0x00000000e0000000)
  object space 971776K, 75% used [0x00000000a0000000,0x00000000ccdecdc0,0x00000000db500000)
 Metaspace       used 114049K, capacity 121292K, committed 123264K, reserved 1157120K
  class space    used 13616K, capacity 14678K, committed 14976K, reserved 1048576K
Event: 11485.882 GC heap after
Heap after GC invocations=120 (full 12):
 PSYoungGen      total 429568K, used 10778K [0x00000000e0000000, 0x0000000100000000, 0x0000000100000000)
  eden space 334848K, 0% used [0x00000000e0000000,0x00000000e0000000,0x00000000f4700000)
  from space 94720K, 11% used [0x00000000f4700000,0x00000000f5186ba0,0x00000000fa380000)
  to   space 94720K, 0% used [0x00000000fa380000,0x00000000fa380000,0x0000000100000000)
 ParOldGen       total 971776K, used 735155K [0x00000000a0000000, 0x00000000db500000, 0x00000000e0000000)
  object space 971776K, 75% used [0x00000000a0000000,0x00000000ccdecdc0,0x00000000db500000)
 Metaspace       used 114049K, capacity 121292K, committed 123264K, reserved 1157120K
  class space    used 13616K, capacity 14678K, committed 14976K, reserved 1048576K
}
Event: 12357.765 GC heap before
{Heap before GC invocations=121 (full 12):
 PSYoungGen      total 429568K, used 345626K [0x00000000e0000000, 0x0000000100000000, 0x0000000100000000)
  eden space 334848K, 100% used [0x00000000e0000000,0x00000000f4700000,0x00000000f4700000)
  from space 94720K, 11% used [0x00000000f4700000,0x00000000f5186ba0,0x00000000fa380000)
  to   space 94720K, 0% used [0x00000000fa380000,0x00000000fa380000,0x0000000100000000)
 ParOldGen       total 971776K, used 735155K [0x00000000a0000000, 0x00000000db500000, 0x00000000e0000000)
  object space 971776K, 75% used [0x00000000a0000000,0x00000000ccdecdc0,0x00000000db500000)
 Metaspace       used 119874K, capacity 127426K, committed 128384K, reserved 1161216K
  class space    used 14409K, capacity 15518K, committed 15744K, reserved 1048576K
Event: 12358.123 GC heap after
Heap after GC invocations=121 (full 12):
 PSYoungGen      total 424448K, used 21180K [0x00000000e0000000, 0x00000000ffb00000, 0x0000000100000000)
  eden space 334848K, 0% used [0x00000000e0000000,0x00000000e0000000,0x00000000f4700000)
  from space 89600K, 23% used [0x00000000fa380000,0x00000000fb82f0d8,0x00000000ffb00000)
  to   space 92160K, 0% used [0x00000000f4700000,0x00000000f4700000,0x00000000fa100000)
 ParOldGen       total 971776K, used 735163K [0x00000000a0000000, 0x00000000db500000, 0x00000000e0000000)
  object space 971776K, 75% used [0x00000000a0000000,0x00000000ccdeedc0,0x00000000db500000)
 Metaspace       used 119874K, capacity 127426K, committed 128384K, reserved 1161216K
  class space    used 14409K, capacity 15518K, committed 15744K, reserved 1048576K
}
Event: 12363.528 GC heap before
{Heap before GC invocations=122 (full 12):
 PSYoungGen      total 424448K, used 356028K [0x00000000e0000000, 0x00000000ffb00000, 0x0000000100000000)
  eden space 334848K, 100% used [0x00000000e0000000,0x00000000f4700000,0x00000000f4700000)
  from space 89600K, 23% used [0x00000000fa380000,0x00000000fb82f0d8,0x00000000ffb00000)
  to   space 92160K, 0% used [0x00000000f4700000,0x00000000f4700000,0x00000000fa100000)
 ParOldGen       total 971776K, used 735163K [0x00000000a0000000, 0x00000000db500000, 0x00000000e0000000)
  object space 971776K, 75% used [0x00000000a0000000,0x00000000ccdeedc0,0x00000000db500000)
 Metaspace       used 126064K, capacity 134402K, committed 134528K, reserved 1167360K
  class space    used 15173K, capacity 16393K, committed 16512K, reserved 1048576K
Event: 12363.600 GC heap after
Heap after GC invocations=122 (full 12):
 PSYoungGen      total 427008K, used 39099K [0x00000000e0000000, 0x00000000ff980000, 0x0000000100000000)
  eden space 334848K, 0% used [0x00000000e0000000,0x00000000e0000000,0x00000000f4700000)
  from space 92160K, 42% used [0x00000000f4700000,0x00000000f6d2ef00,0x00000000fa100000)
  to   space 87552K, 0% used [0x00000000fa400000,0x00000000fa400000,0x00000000ff980000)
 ParOldGen       total 971776K, used 735171K [0x00000000a0000000, 0x00000000db500000, 0x00000000e0000000)
  object space 971776K, 75% used [0x00000000a0000000,0x00000000ccdf0dc0,0x00000000db500000)
 Metaspace       used 126064K, capacity 134402K, committed 134528K, reserved 1167360K
  class space    used 15173K, capacity 16393K, committed 16512K, reserved 1048576K
}
Event: 12397.978 GC heap before
{Heap before GC invocations=123 (full 12):
 PSYoungGen      total 427008K, used 373947K [0x00000000e0000000, 0x00000000ff980000, 0x0000000100000000)
  eden space 334848K, 100% used [0x00000000e0000000,0x00000000f4700000,0x00000000f4700000)
  from space 92160K, 42% used [0x00000000f4700000,0x00000000f6d2ef00,0x00000000fa100000)
  to   space 87552K, 0% used [0x00000000fa400000,0x00000000fa400000,0x00000000ff980000)
 ParOldGen       total 971776K, used 735171K [0x00000000a0000000, 0x00000000db500000, 0x00000000e0000000)
  object space 971776K, 75% used [0x00000000a0000000,0x00000000ccdf0dc0,0x00000000db500000)
 Metaspace       used 127500K, capacity 135990K, committed 136192K, reserved 1169408K
  class space    used 15341K, capacity 16564K, committed 16640K, reserved 1048576K
Event: 12398.061 GC heap after
Heap after GC invocations=123 (full 12):
 PSYoungGen      total 430592K, used 48949K [0x00000000e0000000, 0x00000000ffa80000, 0x0000000100000000)
  eden space 343040K, 0% used [0x00000000e0000000,0x00000000e0000000,0x00000000f4f00000)
  from space 87552K, 55% used [0x00000000fa400000,0x00000000fd3cd5a8,0x00000000ff980000)
  to   space 87040K, 0% used [0x00000000f4f00000,0x00000000f4f00000,0x00000000fa400000)
 ParOldGen       total 971776K, used 735179K [0x00000000a0000000, 0x00000000db500000, 0x00000000e0000000)
  object space 971776K, 75% used [0x00000000a0000000,0x00000000ccdf2dc0,0x00000000db500000)
 Metaspace       used 127500K, capacity 135990K, committed 136192K, reserved 1169408K
  class space    used 15341K, capacity 16564K, committed 16640K, reserved 1048576K
}
Event: 12957.290 GC heap before
{Heap before GC invocations=124 (full 12):
 PSYoungGen      total 430592K, used 391989K [0x00000000e0000000, 0x00000000ffa80000, 0x0000000100000000)
  eden space 343040K, 100% used [0x00000000e0000000,0x00000000f4f00000,0x00000000f4f00000)
  from space 87552K, 55% used [0x00000000fa400000,0x00000000fd3cd5a8,0x00000000ff980000)
  to   space 87040K, 0% used [0x00000000f4f00000,0x00000000f4f00000,0x00000000fa400000)
 ParOldGen       total 971776K, used 735179K [0x00000000a0000000, 0x00000000db500000, 0x00000000e0000000)
  object space 971776K, 75% used [0x00000000a0000000,0x00000000ccdf2dc0,0x00000000db500000)
 Metaspace       used 131165K, capacity 140126K, committed 140288K, reserved 1173504K
  class space    used 15800K, capacity 17051K, committed 17152K, reserved 1048576K
Event: 12957.315 GC heap after
Heap after GC invocations=124 (full 12):
 PSYoungGen      total 430080K, used 27719K [0x00000000e0000000, 0x00000000ff980000, 0x0000000100000000)
  eden space 343040K, 0% used [0x00000000e0000000,0x00000000e0000000,0x00000000f4f00000)
  from space 87040K, 31% used [0x00000000f4f00000,0x00000000f6a11f20,0x00000000fa400000)
  to   space 83968K, 0% used [0x00000000fa780000,0x00000000fa780000,0x00000000ff980000)
 ParOldGen       total 971776K, used 735187K [0x00000000a0000000, 0x00000000db500000, 0x00000000e0000000)
  object space 971776K, 75% used [0x00000000a0000000,0x00000000ccdf4dc0,0x00000000db500000)
 Metaspace       used 131165K, capacity 140126K, committed 140288K, reserved 1173504K
  class space    used 15800K, capacity 17051K, committed 17152K, reserved 1048576K
}

Deoptimization events (10 events):
Event: 12428.740 Thread 0x000000001cc49000 Uncommon trap: reason=speculate_class_check action=maybe_recompile pc=0x000000000a039064 method=com.android.utils.PositionXmlParser.getPositionHelper(Lorg/w3c/dom/Node;II)Lcom/android/utils/PositionXmlParser$Position; @ 110
Event: 12428.740 Thread 0x000000001cc49000 Uncommon trap: reason=speculate_class_check action=maybe_recompile pc=0x000000000a039064 method=com.android.utils.PositionXmlParser.getPositionHelper(Lorg/w3c/dom/Node;II)Lcom/android/utils/PositionXmlParser$Position; @ 110
Event: 12428.740 Thread 0x000000001cc49000 Uncommon trap: reason=speculate_class_check action=maybe_recompile pc=0x000000000a039064 method=com.android.utils.PositionXmlParser.getPositionHelper(Lorg/w3c/dom/Node;II)Lcom/android/utils/PositionXmlParser$Position; @ 110
Event: 12428.755 Thread 0x000000001cc49000 Uncommon trap: reason=class_check action=maybe_recompile pc=0x0000000005517ca4 method=com.google.common.collect.ImmutableMap.containsKey(Ljava/lang/Object;)Z @ 2
Event: 12957.130 Thread 0x000000001cc40800 Uncommon trap: reason=null_check action=make_not_entrant pc=0x0000000009bcd1a0 method=com.sun.org.apache.xerces.internal.parsers.AbstractDOMParser.xmlDecl(Ljava/lang/String;Ljava/lang/String;Ljava/lang/String;Lcom/sun/org/apache/xerces/internal/xni/Augment¨På¡NÉ@
Event: 12957.265 Thread 0x000000001cc40800 Uncommon trap: reason=unstable_if action=reinterpret pc=0x0000000003a0a818 method=com.google.common.base.Objects.equal(Ljava/lang/Object;Ljava/lang/Object;)Z @ 14
Event: 12957.456 Thread 0x000000001cc40800 Uncommon trap: reason=unstable_if action=reinterpret pc=0x00000000035fcbd0 method=com.google.common.collect.ImmutableSet.construct(I[Ljava/lang/Object;)Lcom/google/common/collect/ImmutableSet; @ 146
Event: 12960.268 Thread 0x000000001cc40800 Uncommon trap: reason=unstable_if action=reinterpret pc=0x000000000918f790 method=com.sun.org.apache.xerces.internal.impl.XMLDocumentFragmentScannerImpl.scanXMLDeclOrTextDecl(Z)V @ 101
Event: 12960.268 Thread 0x000000001cc40800 Uncommon trap: reason=unstable_if action=reinterpret pc=0x0000000005d4eed4 method=com.sun.org.apache.xerces.internal.impl.XMLNSDocumentScannerImpl.scanAttribute(Lcom/sun/org/apache/xerces/internal/util/XMLAttributesImpl;)V @ 663
Event: 12960.268 Thread 0x000000001cc40800 Uncommon trap: reason=unstable_if action=reinterpret pc=0x00000000050092b8 method=com.sun.org.apache.xerces.internal.impl.XMLNSDocumentScannerImpl.scanStartElement()Z @ 994

Internal exceptions (10 events):
Event: 12958.527 Thread 0x000000001cc40800 Exception <a 'sun/nio/fs/WindowsException'> (0x00000000ecbec9f0) thrown at [C:\src\android\AOSP-openjdk\external\jetbrains\jdk\hotspot\src\share\vm\prims\jni.cpp, line 709]
Event: 12958.527 Thread 0x000000001cc40800 Exception <a 'sun/nio/fs/WindowsException'> (0x00000000ecbed3e0) thrown at [C:\src\android\AOSP-openjdk\external\jetbrains\jdk\hotspot\src\share\vm\prims\jni.cpp, line 709]
Event: 12958.527 Thread 0x000000001cc40800 Exception <a 'sun/nio/fs/WindowsException'> (0x00000000ecbf06c0) thrown at [C:\src\android\AOSP-openjdk\external\jetbrains\jdk\hotspot\src\share\vm\prims\jni.cpp, line 709]
Event: 12958.527 Thread 0x000000001cc40800 Exception <a 'sun/nio/fs/WindowsException'> (0x00000000ecbf1060) thrown at [C:\src\android\AOSP-openjdk\external\jetbrains\jdk\hotspot\src\share\vm\prims\jni.cpp, line 709]
Event: 12958.527 Thread 0x000000001cc40800 Exception <a 'sun/nio/fs/WindowsException'> (0x00000000ecbf2c78) thrown at [C:\src\android\AOSP-openjdk\external\jetbrains\jdk\hotspot\src\share\vm\prims\jni.cpp, line 709]
Event: 12958.527 Thread 0x000000001cc40800 Exception <a 'sun/nio/fs/WindowsException'> (0x00000000ecbf3638) thrown at [C:\src\android\AOSP-openjdk\external\jetbrains\jdk\hotspot\src\share\vm\prims\jni.cpp, line 709]
Event: 12958.527 Thread 0x000000001cc40800 Exception <a 'sun/nio/fs/WindowsException'> (0x00000000ecbf6070) thrown at [C:\src\android\AOSP-openjdk\external\jetbrains\jdk\hotspot\src\share\vm\prims\jni.cpp, line 709]
Event: 12958.527 Thread 0x000000001cc40800 Exception <a 'sun/nio/fs/WindowsException'> (0x00000000ecbf6a70) thrown at [C:\src\android\AOSP-openjdk\external\jetbrains\jdk\hotspot\src\share\vm\prims\jni.cpp, line 709]
Event: 12958.528 Thread 0x000000001cc40800 Exception <a 'sun/nio/fs/WindowsException'> (0x00000000ecbf8778) thrown at [C:\src\android\AOSP-openjdk\external\jetbrains\jdk\hotspot\src\share\vm\prims\jni.cpp, line 709]
Event: 12958.528 Thread 0x000000001cc40800 Exception <a 'sun/nio/fs/WindowsException'> (0x00000000ecbf9188) thrown at [C:\src\android\AOSP-openjdk\external\jetbrains\jdk\hotspot\src\share\vm\prims\jni.cpp, line 709]

Events (10 events):
Event: 12960.268 Thread 0x000000001cc40800 Uncommon trap: trap_request=0xffffff65 fr.pc=0x0000000005d4eed4
Event: 12960.268 Thread 0x000000001cc40800 DEOPT PACKING pc=0x0000000005d4eed4 sp=0x0000000057e5ad50
Event: 12960.268 Thread 0x000000001cc40800 DEOPT UNPACKING pc=0x00000000034d556a sp=0x0000000057e5ace8 mode 2
Event: 12960.268 Thread 0x000000001cc40800 Uncommon trap: trap_request=0xffffff65 fr.pc=0x00000000050092b8
Event: 12960.268 Thread 0x000000001cc40800 DEOPT PACKING pc=0x00000000050092b8 sp=0x0000000057e5adc0
Event: 12960.268 Thread 0x000000001cc40800 DEOPT UNPACKING pc=0x00000000034d556a sp=0x0000000057e5ad70 mode 2
Event: 12960.277 Thread 0x000000001e601000 Thread added: 0x000000001e601000
Event: 12960.277 Thread 0x000000001e602800 Thread added: 0x000000001e602800
Event: 12960.277 Thread 0x000000001e603000 Thread added: 0x000000001e603000
Event: 12960.277 Thread 0x000000001e5fd000 Thread added: 0x000000001e5fd000


Dynamic libraries:
0x00007ff6340f0000 - 0x00007ff634121000 	C:\Program Files\Android\Android Studio\jre\bin\java.exe
0x00007ff80de10000 - 0x00007ff80dfeb000 	C:\WINDOWS\SYSTEM32\ntdll.dll
0x00007ff80b410000 - 0x00007ff80b4be000 	C:\WINDOWS\System32\KERNEL32.DLL
0x00007ff80abb0000 - 0x00007ff80adf9000 	C:\WINDOWS\System32\KERNELBASE.dll
0x00007ff80c760000 - 0x00007ff80c801000 	C:\WINDOWS\System32\ADVAPI32.dll
0x00007ff80b7a0000 - 0x00007ff80b83d000 	C:\WINDOWS\System32\msvcrt.dll
0x00007ff80c6a0000 - 0x00007ff80c6f9000 	C:\WINDOWS\System32\sechost.dll
0x00007ff80be10000 - 0x00007ff80bf35000 	C:\WINDOWS\System32\RPCRT4.dll
0x00007ff80b2c0000 - 0x00007ff80b40a000 	C:\WINDOWS\System32\USER32.dll
0x00007ff80b190000 - 0x00007ff80b1ae000 	C:\WINDOWS\System32\win32u.dll
0x00007ff80b4c0000 - 0x00007ff80b4e7000 	C:\WINDOWS\System32\GDI32.dll
0x00007ff80af90000 - 0x00007ff80b118000 	C:\WINDOWS\System32\gdi32full.dll
0x00007ff80a0f0000 - 0x00007ff80a18a000 	C:\WINDOWS\System32\msvcp_win.dll
0x00007ff80a890000 - 0x00007ff80a986000 	C:\WINDOWS\System32\ucrtbase.dll
0x00007ffffd810000 - 0x00007ffffda77000 	C:\WINDOWS\WinSxS\amd64_microsoft.windows.common-controls_6595b64144ccf1df_6.0.15063.483_none_26002d27e7c744a2\COMCTL32.dll
0x00007ff80bb10000 - 0x00007ff80be09000 	C:\WINDOWS\System32\combase.dll
0x00007ff80b120000 - 0x00007ff80b18a000 	C:\WINDOWS\System32\bcryptPrimitives.dll
0x00007ff80dde0000 - 0x00007ff80de0d000 	C:\WINDOWS\System32\IMM32.DLL
0x0000000050c40000 - 0x0000000050d12000 	C:\Program Files\Android\Android Studio\jre\jre\bin\msvcr100.dll
0x0000000050d20000 - 0x000000005155c000 	C:\Program Files\Android\Android Studio\jre\jre\bin\server\jvm.dll
0x00007ff80aeb0000 - 0x00007ff80aed3000 	C:\WINDOWS\System32\WINMM.dll
0x00007ff80a0c0000 - 0x00007ff80a0eb000 	C:\WINDOWS\System32\WINMMBASE.dll
0x00007ff80ab60000 - 0x00007ff80aba9000 	C:\WINDOWS\System32\cfgmgr32.dll
0x00007ff80b790000 - 0x00007ff80b798000 	C:\WINDOWS\System32\PSAPI.DLL
0x00007ff802760000 - 0x00007ff802769000 	C:\WINDOWS\SYSTEM32\WSOCK32.dll
0x00007ff80baa0000 - 0x00007ff80bb0c000 	C:\WINDOWS\System32\WS2_32.dll
0x00007ffffc0f0000 - 0x00007ffffc0fa000 	C:\WINDOWS\SYSTEM32\VERSION.dll
0x00007ff8027f0000 - 0x00007ff8027ff000 	C:\Program Files\Android\Android Studio\jre\jre\bin\verify.dll
0x00007ff802060000 - 0x00007ff802089000 	C:\Program Files\Android\Android Studio\jre\jre\bin\java.dll
0x00007ff8021c0000 - 0x00007ff8021d6000 	C:\Program Files\Android\Android Studio\jre\jre\bin\zip.dll
0x00007ff80c9a0000 - 0x00007ff80ddd7000 	C:\WINDOWS\System32\SHELL32.dll
0x00007ff80b9f0000 - 0x00007ff80ba9a000 	C:\WINDOWS\System32\shcore.dll
0x00007ff80a190000 - 0x00007ff80a883000 	C:\WINDOWS\System32\windows.storage.dll
0x00007ff80b1f0000 - 0x00007ff80b241000 	C:\WINDOWS\System32\shlwapi.dll
0x00007ff80a0a0000 - 0x00007ff80a0b1000 	C:\WINDOWS\System32\kernel.appcore.dll
0x00007ff80ae00000 - 0x00007ff80ae4c000 	C:\WINDOWS\System32\powrprof.dll
0x00007ff80a060000 - 0x00007ff80a075000 	C:\WINDOWS\System32\profapi.dll
0x00007ff802040000 - 0x00007ff80205a000 	C:\Program Files\Android\Android Studio\jre\jre\bin\net.dll
0x00007ff8098e0000 - 0x00007ff80993c000 	C:\WINDOWS\system32\mswsock.dll
0x00007ff802020000 - 0x00007ff802031000 	C:\Program Files\Android\Android Studio\jre\jre\bin\nio.dll
0x00007ffffd500000 - 0x00007ffffd51e000 	C:\Users\win10\.gradle\native\23\windows-amd64\native-platform.dll
0x00007ff809a80000 - 0x00007ff809a97000 	C:\WINDOWS\SYSTEM32\CRYPTSP.dll
0x00007ff809500000 - 0x00007ff809534000 	C:\WINDOWS\system32\rsaenh.dll
0x00007ff809f30000 - 0x00007ff809f55000 	C:\WINDOWS\SYSTEM32\bcrypt.dll
0x00007ff809f90000 - 0x00007ff809fb9000 	C:\WINDOWS\SYSTEM32\USERENV.dll
0x00007ff809aa0000 - 0x00007ff809aab000 	C:\WINDOWS\SYSTEM32\CRYPTBASE.dll
0x00007ff809680000 - 0x00007ff8096b7000 	C:\WINDOWS\SYSTEM32\IPHLPAPI.DLL
0x00007ff80b1c0000 - 0x00007ff80b1c8000 	C:\WINDOWS\System32\NSI.dll
0x00007ff8042b0000 - 0x00007ff8042c6000 	C:\WINDOWS\SYSTEM32\dhcpcsvc6.DLL
0x00007ff805b60000 - 0x00007ff805b7a000 	C:\WINDOWS\SYSTEM32\dhcpcsvc.DLL
0x00007ff802730000 - 0x00007ff80273d000 	C:\Program Files\Android\Android Studio\jre\jre\bin\management.dll
0x00007ff809330000 - 0x00007ff809361000 	C:\WINDOWS\SYSTEM32\ntmarta.dll
0x00007ffffcca0000 - 0x00007ffffccc4000 	C:\Program Files\Android\Android Studio\jre\jre\bin\sunec.dll
0x00007ff801f90000 - 0x00007ff801f9b000 	C:\Program Files\Android\Android Studio\jre\jre\bin\sunmscapi.dll
0x00007ff80a990000 - 0x00007ff80ab59000 	C:\WINDOWS\System32\CRYPT32.dll
0x00007ff80a080000 - 0x00007ff80a091000 	C:\WINDOWS\System32\MSASN1.dll
0x00007ff8096c0000 - 0x00007ff809764000 	C:\WINDOWS\SYSTEM32\DNSAPI.dll
0x00007ffffbd20000 - 0x00007ffffbd2a000 	C:\Windows\System32\rasadhlp.dll
0x00007ff801710000 - 0x00007ff80177b000 	C:\WINDOWS\System32\fwpuclnt.dll
0x00007fffed430000 - 0x00007fffed5d9000 	C:\WINDOWS\SYSTEM32\dbghelp.dll

VM Arguments:
jvm_args: -Xmx1536m -Dfile.encoding=GBK -Duser.country=CN -Duser.language=zh -Duser.variant 
java_command: org.gradle.launcher.daemon.bootstrap.GradleDaemon 3.3
java_class_path (initial): C:\Users\win10\.gradle\wrapper\dists\gradle-3.3-all\55gk2rcmfc6p2dg9u9ohc3hw9\gradle-3.3\lib\gradle-launcher-3.3.jar
Launcher Type: SUN_STANDARD

Environment Variables:
JAVA_HOME=C:\Program Files\Java\jdk1.8.0_05
PATH=C:\ProgramData\Oracle\Java\javapath;C:\Program Files\Java\jdk1.8.0_05\bin;C:\Program Files\Java\jdk1.8.0_05\jre\bin;C:\WINDOWS\system32;C:\WINDOWS;C:\WINDOWS\System32\Wbem;C:\WINDOWS\System32\WindowsPowerShell\v1.0\;C:\Program Files\TortoiseSVN\bin;C:\Users\win10\AppData\Local\Microsoft\WindowsApps;
USERNAME=win10
OS=Windows_NT
PROCESSOR_IDENTIFIER=Intel64 Family 6 Model 158 Stepping 9, GenuineIntel



---------------  S Y S T E M  ---------------

OS: Windows 10.0 , 64 bit Build 15063 (10.0.15063.296)

CPU:total 4 (4 cores per cpu, 1 threads per core) family 6 model 158 stepping 9, cmov, cx8, fxsr, mmx, sse, sse2, sse3, ssse3, sse4.1, sse4.2, popcnt, avx, avx2, aes, clmul, erms, 3dnowpref, lzcnt, tsc, tscinvbit, bmi1, bmi2, adx

Memory: 4k page, physical 8278144k(1144372k free), swap 12757696k(1491836k free)

vm_info: OpenJDK 64-Bit Server VM (25.112-b06) for windows-amd64 JRE (1.8.0_112-release-b06), built on Dec  8 2016 00:54:26 by "builder" with MS VC++ 10.0 (VS2010)

time: Tue Aug 15 15:39:22 2017
elapsed time: 12960 seconds (0d 3h 36m 0s)

